<?xml version="1.0" encoding="UTF-8"?>
<!-- Generated by org.testng.reporters.JUnitReportReporter -->
<testsuite skipped="0" hostname="Stepanyuk_A" name="leanTesting.TC8_TestCasesPageText" tests="2" failures="0" timestamp="14 лист. 2018 13:38:01 GMT" time="6.124" errors="0">
  <testcase name="bugTrackerLink" time="6.083" classname="leanTesting.TC8_TestCasesPageText"/>
  <testcase name="bugTrackerPageText" time="0.041" classname="leanTesting.TC8_TestCasesPageText"/>
</testsuite> <!-- leanTesting.TC8_TestCasesPageText -->
