<?xml version="1.0" encoding="UTF-8"?>
<!-- Generated by org.testng.reporters.JUnitReportReporter -->
<testsuite skipped="0" hostname="Stepanyuk_A" name="leanTesting.TC7_MainPageLinks" tests="2" failures="0" timestamp="14 лист. 2018 13:28:25 GMT" time="6.157" errors="0">
  <testcase name="bugTrackerLink" time="6.110" classname="leanTesting.TC7_MainPageLinks"/>
  <testcase name="bugTrackerPageText" time="0.047" classname="leanTesting.TC7_MainPageLinks"/>
</testsuite> <!-- leanTesting.TC7_MainPageLinks -->
